0 info it worked if it ends with ok
1 verbose cli [ '/usr/local/bin/node',
1 verbose cli   '/usr/local/bin/npm',
1 verbose cli   'install',
1 verbose cli   '-g',
1 verbose cli   'babel' ]
2 info using npm@2.14.12
3 info using node@v4.2.4
4 verbose install initial load of /usr/local/lib/package.json
5 verbose readDependencies loading dependencies from /usr/local/lib/package.json
6 silly cache add args [ 'babel', null ]
7 verbose cache add spec babel
8 silly cache add parsed spec Result {
8 silly cache add   raw: 'babel',
8 silly cache add   scope: null,
8 silly cache add   name: 'babel',
8 silly cache add   rawSpec: '',
8 silly cache add   spec: 'latest',
8 silly cache add   type: 'tag' }
9 silly addNamed babel@latest
10 verbose addNamed "latest" is being treated as a dist-tag for babel
11 info addNameTag [ 'babel', 'latest' ]
12 silly mapToRegistry name babel
13 silly mapToRegistry using default registry
14 silly mapToRegistry registry https://registry.npmjs.org/
15 silly mapToRegistry uri https://registry.npmjs.org/babel
16 verbose addNameTag registry:https://registry.npmjs.org/babel not in flight; fetching
17 verbose request uri https://registry.npmjs.org/babel
18 verbose request no auth needed
19 info attempt registry request try #1 at 7:41:09 PM
20 verbose request id 1d56413c3785bbf8
21 verbose etag "7NS0HQRN8GQARPKXEBOXNLQ4R"
22 http request GET https://registry.npmjs.org/babel
23 http 304 https://registry.npmjs.org/babel
24 verbose headers { date: 'Thu, 14 Jan 2016 03:41:10 GMT',
24 verbose headers   via: '1.1 varnish',
24 verbose headers   'cache-control': 'max-age=300',
24 verbose headers   etag: '"7NS0HQRN8GQARPKXEBOXNLQ4R"',
24 verbose headers   age: '71',
24 verbose headers   connection: 'keep-alive',
24 verbose headers   'x-served-by': 'cache-sjc3128-SJC',
24 verbose headers   'x-cache': 'HIT',
24 verbose headers   'x-cache-hits': '1',
24 verbose headers   'x-timer': 'S1452742870.409280,VS0,VE1',
24 verbose headers   vary: 'Accept' }
25 silly get cb [ 304,
25 silly get   { date: 'Thu, 14 Jan 2016 03:41:10 GMT',
25 silly get     via: '1.1 varnish',
25 silly get     'cache-control': 'max-age=300',
25 silly get     etag: '"7NS0HQRN8GQARPKXEBOXNLQ4R"',
25 silly get     age: '71',
25 silly get     connection: 'keep-alive',
25 silly get     'x-served-by': 'cache-sjc3128-SJC',
25 silly get     'x-cache': 'HIT',
25 silly get     'x-cache-hits': '1',
25 silly get     'x-timer': 'S1452742870.409280,VS0,VE1',
25 silly get     vary: 'Accept' } ]
26 verbose etag https://registry.npmjs.org/babel from cache
27 verbose get saving babel to /Users/paul/.npm/registry.npmjs.org/babel/.cache.json
28 silly addNameTag next cb for babel with tag latest
29 silly addNamed babel@6.3.26
30 verbose addNamed "6.3.26" is a plain semver version for babel
31 silly cache afterAdd babel@6.3.26
32 verbose afterAdd /Users/paul/.npm/babel/6.3.26/package/package.json not in flight; writing
33 verbose afterAdd /Users/paul/.npm/babel/6.3.26/package/package.json written
34 silly install resolved [ { name: 'babel',
34 silly install resolved     version: '6.3.26',
34 silly install resolved     description: 'Turn ES6 code into readable vanilla ES5 with source maps',
34 silly install resolved     author: { name: 'Sebastian McKenzie', email: 'sebmck@gmail.com' },
34 silly install resolved     homepage: 'https://babeljs.io/',
34 silly install resolved     license: 'MIT',
34 silly install resolved     repository:
34 silly install resolved      { type: 'git',
34 silly install resolved        url: 'https://github.com/babel/babel/tree/master/packages/babel' },
34 silly install resolved     preferGlobal: true,
34 silly install resolved     bin:
34 silly install resolved      { babel: './cli.js',
34 silly install resolved        'babel-node': './cli.js',
34 silly install resolved        'babel-external-helpers': './cli.js' },
34 silly install resolved     _id: 'babel@6.3.26',
34 silly install resolved     scripts: {},
34 silly install resolved     _shasum: '7bf8967bd2de7c3645a107080094c2c9df706886',
34 silly install resolved     _from: 'babel@latest',
34 silly install resolved     _npmVersion: '2.14.7',
34 silly install resolved     _nodeVersion: '4.2.2',
34 silly install resolved     _npmUser: { name: 'amasad', email: 'amjad.masad@gmail.com' },
34 silly install resolved     maintainers: [ [Object], [Object], [Object], [Object], [Object], [Object] ],
34 silly install resolved     dist:
34 silly install resolved      { shasum: '7bf8967bd2de7c3645a107080094c2c9df706886',
34 silly install resolved        tarball: 'http://registry.npmjs.org/babel/-/babel-6.3.26.tgz' },
34 silly install resolved     directories: {},
34 silly install resolved     _resolved: 'https://registry.npmjs.org/babel/-/babel-6.3.26.tgz',
34 silly install resolved     readme: 'ERROR: No README data found!' } ]
35 info install babel@6.3.26 into /usr/local/lib
36 info installOne babel@6.3.26
37 verbose installOne of babel to /usr/local/lib not in flight; installing
38 verbose lock using /Users/paul/.npm/_locks/babel-5417f13f3f034c23.lock for /usr/local/lib/node_modules/babel
39 silly install write writing babel 6.3.26 to /usr/local/lib/node_modules/babel
40 verbose unbuild lib/node_modules/babel
41 silly gentlyRm /usr/local/lib/node_modules/babel is being purged from base /usr/local
42 verbose gentlyRm don't care about contents; nuking /usr/local/lib/node_modules/babel
43 verbose tar unpack /Users/paul/.npm/babel/6.3.26/package.tgz
44 verbose tar unpacking to /usr/local/lib/node_modules/babel
45 silly gentlyRm /usr/local/lib/node_modules/babel is being purged
46 verbose gentlyRm don't care about contents; nuking /usr/local/lib/node_modules/babel
47 silly gunzTarPerm modes [ '755', '644' ]
48 error tar.unpack untar error /Users/paul/.npm/babel/6.3.26/package.tgz
49 verbose unlock done using /Users/paul/.npm/_locks/babel-5417f13f3f034c23.lock for /usr/local/lib/node_modules/babel
50 verbose fstream_path /usr/local/lib/node_modules/babel
51 verbose fstream_type Directory
52 verbose fstream_class DirWriter
53 verbose stack Error: EACCES: permission denied, mkdir '/usr/local/lib/node_modules/babel'
53 verbose stack     at Error (native)
54 verbose fstream_stack /usr/local/lib/node_modules/npm/node_modules/fstream/lib/dir-writer.js:35:25
54 verbose fstream_stack /usr/local/lib/node_modules/npm/node_modules/mkdirp/index.js:47:53
54 verbose fstream_stack FSReqWrap.oncomplete (fs.js:82:15)
55 verbose cwd /Users/paul/house/domains/nawashouse.com
56 error Darwin 15.2.0
57 error argv "/usr/local/bin/node" "/usr/local/bin/npm" "install" "-g" "babel"
58 error node v4.2.4
59 error npm  v2.14.12
60 error path /usr/local/lib/node_modules/babel
61 error code EACCES
62 error errno -13
63 error syscall mkdir
64 error Error: EACCES: permission denied, mkdir '/usr/local/lib/node_modules/babel'
64 error     at Error (native)
64 error  { [Error: EACCES: permission denied, mkdir '/usr/local/lib/node_modules/babel']
64 error   errno: -13,
64 error   code: 'EACCES',
64 error   syscall: 'mkdir',
64 error   path: '/usr/local/lib/node_modules/babel',
64 error   fstream_type: 'Directory',
64 error   fstream_path: '/usr/local/lib/node_modules/babel',
64 error   fstream_class: 'DirWriter',
64 error   fstream_stack:
64 error    [ '/usr/local/lib/node_modules/npm/node_modules/fstream/lib/dir-writer.js:35:25',
64 error      '/usr/local/lib/node_modules/npm/node_modules/mkdirp/index.js:47:53',
64 error      'FSReqWrap.oncomplete (fs.js:82:15)' ] }
65 error Please try running this command again as root/Administrator.
66 verbose exit [ -13, true ]
67 verbose unbuild lib/node_modules/babel
68 silly gentlyRm /usr/local/lib/node_modules/babel is being purged from base /usr/local
69 verbose gentlyRm don't care about contents; nuking /usr/local/lib/node_modules/babel
